# JRE version: Java(TM) SE Runtime Environment (8.0_91-b15) (build 1.8.0_91-b15)
# Java VM: Java HotSpot(TM) 64-Bit Server VM (25.91-b15 mixed mode windows-amd64 compressed oops)
Heap:
 PSYoungGen      total 161280K, used 56741K [0x0000000780980000, 0x000000078bb00000, 0x00000007c0000000)
  eden space 146944K, 30% used [0x0000000780980000,0x000000078350f5d8,0x0000000789900000)
  from space 14336K, 84% used [0x000000078ad00000,0x000000078b8d9f10,0x000000078bb00000)
  to   space 17408K, 0% used [0x0000000789900000,0x0000000789900000,0x000000078aa00000)
 ParOldGen       total 136192K, used 19293K [0x0000000701c00000, 0x000000070a100000, 0x0000000780980000)
  object space 136192K, 14% used [0x0000000701c00000,0x0000000702ed74f0,0x000000070a100000)
 Metaspace       used 47940K, capacity 48452K, committed 48768K, reserved 1091584K
  class space    used 6116K, capacity 6249K, committed 6272K, reserved 1048576K
GC Heap History (10 events):
Event: 6.408 GC heap before
{Heap before GC invocations=8 (full 1):
 PSYoungGen      total 101376K, used 93667K [0x0000000780980000, 0x0000000789280000, 0x00000007c0000000)
  eden space 85504K, 100% used [0x0000000780980000,0x0000000785d00000,0x0000000785d00000)
  from space 15872K, 51% used [0x0000000786c00000,0x00000007873f8d38,0x0000000787b80000)
  to   space 15360K, 0% used [0x0000000785d00000,0x0000000785d00000,0x0000000786c00000)
 ParOldGen       total 100352K, used 12355K [0x0000000701c00000, 0x0000000707e00000, 0x0000000780980000)
  object space 100352K, 12% used [0x0000000701c00000,0x0000000702810f28,0x0000000707e00000)
 Metaspace       used 30256K, capacity 30626K, committed 30976K, reserved 1077248K
  class space    used 3679K, capacity 3778K, committed 3840K, reserved 1048576K
Event: 6.421 GC heap after
Heap after GC invocations=8 (full 1):
 PSYoungGen      total 100864K, used 9534K [0x0000000780980000, 0x0000000789380000, 0x00000007c0000000)
  eden space 85504K, 0% used [0x0000000780980000,0x0000000780980000,0x0000000785d00000)
  from space 15360K, 62% used [0x0000000785d00000,0x000000078664f9e0,0x0000000786c00000)
  to   space 15360K, 0% used [0x0000000788480000,0x0000000788480000,0x0000000789380000)
 ParOldGen       total 100352K, used 12363K [0x0000000701c00000, 0x0000000707e00000, 0x0000000780980000)
  object space 100352K, 12% used [0x0000000701c00000,0x0000000702812f28,0x0000000707e00000)
 Metaspace       used 30256K, capacity 30626K, committed 30976K, reserved 1077248K
  class space    used 3679K, capacity 3778K, committed 3840K, reserved 1048576K
}
Event: 9.959 GC heap before
{Heap before GC invocations=9 (full 1):
 PSYoungGen      total 100864K, used 95038K [0x0000000780980000, 0x0000000789380000, 0x00000007c0000000)
  eden space 85504K, 100% used [0x0000000780980000,0x0000000785d00000,0x0000000785d00000)
  from space 15360K, 62% used [0x0000000785d00000,0x000000078664f9e0,0x0000000786c00000)
  to   space 15360K, 0% used [0x0000000788480000,0x0000000788480000,0x0000000789380000)
 ParOldGen       total 100352K, used 12363K [0x0000000701c00000, 0x0000000707e00000, 0x0000000780980000)
  object space 100352K, 12% used [0x0000000701c00000,0x0000000702812f28,0x0000000707e00000)
 Metaspace       used 34769K, capacity 35222K, committed 35328K, reserved 1081344K
  class space    used 4211K, capacity 4348K, committed 4352K, reserved 1048576K
Event: 10.000 GC heap after
Heap after GC invocations=9 (full 1):
 PSYoungGen      total 124416K, used 13322K [0x0000000780980000, 0x0000000789700000, 0x00000007c0000000)
  eden space 109056K, 0% used [0x0000000780980000,0x0000000780980000,0x0000000787400000)
  from space 15360K, 86% used [0x0000000788480000,0x0000000789182bb8,0x0000000789380000)
  to   space 16896K, 0% used [0x0000000787400000,0x0000000787400000,0x0000000788480000)
 ParOldGen       total 100352K, used 12363K [0x0000000701c00000, 0x0000000707e00000, 0x0000000780980000)
  object space 100352K, 12% used [0x0000000701c00000,0x0000000702812f28,0x0000000707e00000)
 Metaspace       used 34769K, capacity 35222K, committed 35328K, reserved 1081344K
  class space    used 4211K, capacity 4348K, committed 4352K, reserved 1048576K
}
Event: 10.082 GC heap before
{Heap before GC invocations=10 (full 1):
 PSYoungGen      total 124416K, used 20458K [0x0000000780980000, 0x0000000789700000, 0x00000007c0000000)
  eden space 109056K, 6% used [0x0000000780980000,0x0000000781077e18,0x0000000787400000)
  from space 15360K, 86% used [0x0000000788480000,0x0000000789182bb8,0x0000000789380000)
  to   space 16896K, 0% used [0x0000000787400000,0x0000000787400000,0x0000000788480000)
 ParOldGen       total 100352K, used 12363K [0x0000000701c00000, 0x0000000707e00000, 0x0000000780980000)
  object space 100352K, 12% used [0x0000000701c00000,0x0000000702812f28,0x0000000707e00000)
 Metaspace       used 34902K, capacity 35342K, committed 35496K, reserved 1081344K
  class space    used 4227K, capacity 4384K, committed 4480K, reserved 1048576K
Event: 10.096 GC heap after
Heap after GC invocations=10 (full 1):
 PSYoungGen      total 125952K, used 10614K [0x0000000780980000, 0x000000078bd80000, 0x00000007c0000000)
  eden space 109056K, 0% used [0x0000000780980000,0x0000000780980000,0x0000000787400000)
  from space 16896K, 62% used [0x0000000787400000,0x0000000787e5d928,0x0000000788480000)
  to   space 16896K, 0% used [0x000000078ad00000,0x000000078ad00000,0x000000078bd80000)
 ParOldGen       total 100352K, used 12371K [0x0000000701c00000, 0x0000000707e00000, 0x0000000780980000)
  object space 100352K, 12% used [0x0000000701c00000,0x0000000702814f28,0x0000000707e00000)
 Metaspace       used 34902K, capacity 35342K, committed 35496K, reserved 1081344K
  class space    used 4227K, capacity 4384K, committed 4480K, reserved 1048576K
}
Event: 10.096 GC heap before
{Heap before GC invocations=11 (full 2):
 PSYoungGen      total 125952K, used 10614K [0x0000000780980000, 0x000000078bd80000, 0x00000007c0000000)
  eden space 109056K, 0% used [0x0000000780980000,0x0000000780980000,0x0000000787400000)
  from space 16896K, 62% used [0x0000000787400000,0x0000000787e5d928,0x0000000788480000)
  to   space 16896K, 0% used [0x000000078ad00000,0x000000078ad00000,0x000000078bd80000)
 ParOldGen       total 100352K, used 12371K [0x0000000701c00000, 0x0000000707e00000, 0x0000000780980000)
  object space 100352K, 12% used [0x0000000701c00000,0x0000000702814f28,0x0000000707e00000)
 Metaspace       used 34902K, capacity 35342K, committed 35496K, reserved 1081344K
  class space    used 4227K, capacity 4384K, committed 4480K, reserved 1048576K
Event: 10.293 GC heap after
Heap after GC invocations=11 (full 2):
 PSYoungGen      total 125952K, used 0K [0x0000000780980000, 0x000000078bd80000, 0x00000007c0000000)
  eden space 109056K, 0% used [0x0000000780980000,0x0000000780980000,0x0000000787400000)
  from space 16896K, 0% used [0x0000000787400000,0x0000000787400000,0x0000000788480000)
  to   space 16896K, 0% used [0x000000078ad00000,0x000000078ad00000,0x000000078bd80000)
 ParOldGen       total 136192K, used 19285K [0x0000000701c00000, 0x000000070a100000, 0x0000000780980000)
  object space 136192K, 14% used [0x0000000701c00000,0x0000000702ed54f0,0x000000070a100000)
 Metaspace       used 34902K, capacity 35342K, committed 35496K, reserved 1081344K
  class space    used 4227K, capacity 4384K, committed 4480K, reserved 1048576K
}
Event: 12.507 GC heap before
{Heap before GC invocations=12 (full 2):
 PSYoungGen      total 125952K, used 109056K [0x0000000780980000, 0x000000078bd80000, 0x00000007c0000000)
  eden space 109056K, 100% used [0x0000000780980000,0x0000000787400000,0x0000000787400000)
  from space 16896K, 0% used [0x0000000787400000,0x0000000787400000,0x0000000788480000)
  to   space 16896K, 0% used [0x000000078ad00000,0x000000078ad00000,0x000000078bd80000)
 ParOldGen       total 136192K, used 19285K [0x0000000701c00000, 0x000000070a100000, 0x0000000780980000)
  object space 136192K, 14% used [0x0000000701c00000,0x0000000702ed54f0,0x000000070a100000)
 Metaspace       used 44704K, capacity 45100K, committed 45312K, reserved 1089536K
  class space    used 5656K, capacity 5797K, committed 5888K, reserved 1048576K
Event: 12.522 GC heap after
Heap after GC invocations=12 (full 2):
 PSYoungGen      total 161280K, used 12135K [0x0000000780980000, 0x000000078bb00000, 0x00000007c0000000)
  eden space 146944K, 0% used [0x0000000780980000,0x0000000780980000,0x0000000789900000)
  from space 14336K, 84% used [0x000000078ad00000,0x000000078b8d9f10,0x000000078bb00000)
  to   space 17408K, 0% used [0x0000000789900000,0x0000000789900000,0x000000078aa00000)
 ParOldGen       total 136192K, used 19293K [0x0000000701c00000, 0x000000070a100000, 0x0000000780980000)
  object space 136192K, 14% used [0x0000000701c00000,0x0000000702ed74f0,0x000000070a100000)
 Metaspace       used 44704K, capacity 45100K, committed 45312K, reserved 1089536K
  class space    used 5656K, capacity 5797K, committed 5888K, reserved 1048576K
}

